<speak xmlns="http://www.w3.org/2001/10/synthesis" xml:lang="zh-CN">
    <voice name="zh-CN-XiaoxiaoNeural">你好</voice>
</speak>
